[ 2017-07-08T11:09:16+08:00 ] 127.0.0.1 /wechat.php/Wechat/Index/index.html
INFO: [ app_init ] --START--
INFO: Run Behavior\BuildLiteBehavior [ RunTime:0.000000s ]
SQL: SHOW COLUMNS FROM `onethink_hooks` [ RunTime:0.0120s ]
SQL: SELECT `name`,`addons` FROM `onethink_hooks`  [ RunTime:0.0020s ]
SQL: SHOW COLUMNS FROM `onethink_addons` [ RunTime:0.0070s ]
SQL: SELECT `id`,`name` FROM `onethink_addons` WHERE `status` = 1 AND `name` IN ('ReturnTop')  [ RunTime:0.0010s ]
SQL: SELECT `id`,`name` FROM `onethink_addons` WHERE `status` = 1 AND `name` IN ('Attachment')  [ RunTime:0.0010s ]
SQL: SELECT `id`,`name` FROM `onethink_addons` WHERE `status` = 1 AND `name` IN ('Attachment','SocialComment')  [ RunTime:0.0010s ]
SQL: SELECT `id`,`name` FROM `onethink_addons` WHERE `status` = 1 AND `name` IN ('Attachment')  [ RunTime:0.0020s ]
SQL: SELECT `id`,`name` FROM `onethink_addons` WHERE `status` = 1 AND `name` IN ('Editor')  [ RunTime:0.0010s ]
SQL: SELECT `id`,`name` FROM `onethink_addons` WHERE `status` = 1 AND `name` IN ('EditorForAdmin')  [ RunTime:0.0010s ]
SQL: SELECT `id`,`name` FROM `onethink_addons` WHERE `status` = 1 AND `name` IN ('SiteStat','SystemInfo','DevTeam')  [ RunTime:0.0010s ]
SQL: SELECT `id`,`name` FROM `onethink_addons` WHERE `status` = 1 AND `name` IN ('Editor')  [ RunTime:0.0010s ]
INFO: Run Common\Behavior\InitHookBehavior [ RunTime:0.046003s ]
INFO: [ app_init ] --END-- [ RunTime:0.046003s ]
INFO: [ app_begin ] --START--

[ 2017-07-08T11:09:16+08:00 ] 127.0.0.1 /wechat.php/Wechat/Index/notice.html
INFO: [ app_init ] --START--
INFO: Run Behavior\BuildLiteBehavior [ RunTime:0.000000s ]
INFO: Run Common\Behavior\InitHookBehavior [ RunTime:0.003000s ]
INFO: [ app_init ] --END-- [ RunTime:0.004000s ]
INFO: [ app_begin ] --START--
INFO: Run Behavior\ReadHtmlCacheBehavior [ RunTime:0.001000s ]
INFO: [ app_begin ] --END-- [ RunTime:0.001000s ]
SQL: SHOW COLUMNS FROM `onethink_config` [ RunTime:0.0070s ]
SQL: SELECT `type`,`name`,`value` FROM `onethink_config` WHERE `status` = 1  [ RunTime:0.0010s ]
INFO: [ view_parse ] --START--
INFO: [ template_filter ] --START--
INFO: Run Behavior\ContentReplaceBehavior [ RunTime:0.000000s ]
INFO: [ template_filter ] --END-- [ RunTime:0.000000s ]
INFO: Run Behavior\ParseTemplateBehavior [ RunTime:0.009000s ]
INFO: [ view_parse ] --END-- [ RunTime:0.009000s ]
INFO: [ view_filter ] --START--
INFO: Run Behavior\WriteHtmlCacheBehavior [ RunTime:0.000000s ]
INFO: [ view_filter ] --END-- [ RunTime:0.000000s ]

[ 2017-07-08T11:09:19+08:00 ] 127.0.0.1 /wechat.php/Wechat/User/login.html
INFO: [ app_init ] --START--
INFO: Run Behavior\BuildLiteBehavior [ RunTime:0.000000s ]
INFO: Run Common\Behavior\InitHookBehavior [ RunTime:0.002000s ]
INFO: [ app_init ] --END-- [ RunTime:0.003000s ]
INFO: [ app_begin ] --START--
INFO: Run Behavior\ReadHtmlCacheBehavior [ RunTime:0.001000s ]
INFO: [ app_begin ] --END-- [ RunTime:0.001000s ]
SQL: SHOW COLUMNS FROM `onethink_config` [ RunTime:0.0140s ]
SQL: SELECT `type`,`name`,`value` FROM `onethink_config` WHERE `status` = 1  [ RunTime:0.0020s ]

[ 2017-07-08T11:09:20+08:00 ] 127.0.0.1 /wechat.php/Wechat/Index/index.html
INFO: [ app_init ] --START--
INFO: Run Behavior\BuildLiteBehavior [ RunTime:0.000000s ]
INFO: Run Common\Behavior\InitHookBehavior [ RunTime:0.002000s ]
INFO: [ app_init ] --END-- [ RunTime:0.003000s ]
INFO: [ app_begin ] --START--

[ 2017-07-08T11:25:41+08:00 ] 127.0.0.1 /wechat.php/Wechat/Activities/index.html
INFO: [ app_init ] --START--
INFO: Run Behavior\BuildLiteBehavior [ RunTime:0.000000s ]
INFO: Run Common\Behavior\InitHookBehavior [ RunTime:0.002000s ]
INFO: [ app_init ] --END-- [ RunTime:0.003001s ]
INFO: [ app_begin ] --START--
INFO: Run Behavior\ReadHtmlCacheBehavior [ RunTime:0.002000s ]
INFO: [ app_begin ] --END-- [ RunTime:0.002000s ]
SQL: SHOW COLUMNS FROM `onethink_config` [ RunTime:0.0090s ]
SQL: SELECT `type`,`name`,`value` FROM `onethink_config` WHERE `status` = 1  [ RunTime:0.0010s ]
INFO: [ view_parse ] --START--
INFO: [ template_filter ] --START--
INFO: Run Behavior\ContentReplaceBehavior [ RunTime:0.000000s ]
INFO: [ template_filter ] --END-- [ RunTime:0.000000s ]
INFO: Run Behavior\ParseTemplateBehavior [ RunTime:0.038002s ]
INFO: [ view_parse ] --END-- [ RunTime:0.038002s ]
INFO: [ view_filter ] --START--
INFO: Run Behavior\WriteHtmlCacheBehavior [ RunTime:0.003000s ]
INFO: [ view_filter ] --END-- [ RunTime:0.003000s ]
INFO: [ app_end ] --START--
INFO: Run Behavior\ShowPageTraceBehavior [ RunTime:0.001000s ]
INFO: [ app_end ] --END-- [ RunTime:0.001000s ]
NOTIC: [8] Constant HTML_PATH already defined D:\WWW\OneThink\wwwroot\wechat.php 第 41 行.

[ 2017-07-08T11:25:41+08:00 ] 127.0.0.1 /wechat.php/Wechat/css/style.css
INFO: [ app_init ] --START--
INFO: Run Behavior\BuildLiteBehavior [ RunTime:0.000000s ]
INFO: Run Common\Behavior\InitHookBehavior [ RunTime:0.002000s ]
INFO: [ app_init ] --END-- [ RunTime:0.002000s ]
INFO: [ app_begin ] --START--
INFO: Run Behavior\ReadHtmlCacheBehavior [ RunTime:0.001000s ]
INFO: [ app_begin ] --END-- [ RunTime:0.001000s ]
SQL: SHOW COLUMNS FROM `onethink_config` [ RunTime:0.0070s ]
SQL: SELECT `type`,`name`,`value` FROM `onethink_config` WHERE `status` = 1  [ RunTime:0.0010s ]

[ 2017-07-08T11:25:41+08:00 ] 127.0.0.1 /wechat.php/Wechat/Index/index.html
INFO: [ app_init ] --START--
INFO: Run Behavior\BuildLiteBehavior [ RunTime:0.000000s ]
INFO: Run Common\Behavior\InitHookBehavior [ RunTime:0.002000s ]
INFO: [ app_init ] --END-- [ RunTime:0.002000s ]
INFO: [ app_begin ] --START--

[ 2017-07-08T11:25:42+08:00 ] 127.0.0.1 /wechat.php/Wechat/jquery-1.11.2.min.js
INFO: [ app_init ] --START--
INFO: Run Behavior\BuildLiteBehavior [ RunTime:0.000000s ]
INFO: Run Common\Behavior\InitHookBehavior [ RunTime:0.002000s ]
INFO: [ app_init ] --END-- [ RunTime:0.003000s ]
INFO: [ app_begin ] --START--
INFO: Run Behavior\ReadHtmlCacheBehavior [ RunTime:0.001001s ]
INFO: [ app_begin ] --END-- [ RunTime:0.001001s ]
SQL: SHOW COLUMNS FROM `onethink_config` [ RunTime:0.0070s ]
SQL: SELECT `type`,`name`,`value` FROM `onethink_config` WHERE `status` = 1  [ RunTime:0.0020s ]

[ 2017-07-08T11:25:42+08:00 ] 127.0.0.1 /wechat.php/Wechat/Index/index.html
INFO: [ app_init ] --START--
INFO: Run Behavior\BuildLiteBehavior [ RunTime:0.000000s ]
INFO: Run Common\Behavior\InitHookBehavior [ RunTime:0.002000s ]
INFO: [ app_init ] --END-- [ RunTime:0.002000s ]
INFO: [ app_begin ] --START--

[ 2017-07-08T11:25:42+08:00 ] 127.0.0.1 /wechat.php/Wechat/bootstrap/js/bootstrap.min.js
INFO: [ app_init ] --START--
INFO: Run Behavior\BuildLiteBehavior [ RunTime:0.000000s ]
INFO: Run Common\Behavior\InitHookBehavior [ RunTime:0.002000s ]
INFO: [ app_init ] --END-- [ RunTime:0.003000s ]
INFO: [ app_begin ] --START--
INFO: Run Behavior\ReadHtmlCacheBehavior [ RunTime:0.001000s ]
INFO: [ app_begin ] --END-- [ RunTime:0.001000s ]
SQL: SHOW COLUMNS FROM `onethink_config` [ RunTime:0.0100s ]
SQL: SELECT `type`,`name`,`value` FROM `onethink_config` WHERE `status` = 1  [ RunTime:0.0030s ]

[ 2017-07-08T11:25:42+08:00 ] 127.0.0.1 /wechat.php/Wechat/Index/index.html
INFO: [ app_init ] --START--
INFO: Run Behavior\BuildLiteBehavior [ RunTime:0.000000s ]
INFO: Run Common\Behavior\InitHookBehavior [ RunTime:0.002000s ]
INFO: [ app_init ] --END-- [ RunTime:0.003000s ]
INFO: [ app_begin ] --START--

[ 2017-07-08T11:25:42+08:00 ] 127.0.0.1 /wechat.php/Wechat/bootstrap/css/bootstrap.min.css
INFO: [ app_init ] --START--
INFO: Run Behavior\BuildLiteBehavior [ RunTime:0.000000s ]
INFO: Run Common\Behavior\InitHookBehavior [ RunTime:0.004000s ]
INFO: [ app_init ] --END-- [ RunTime:0.004000s ]
INFO: [ app_begin ] --START--
INFO: Run Behavior\ReadHtmlCacheBehavior [ RunTime:0.001000s ]
INFO: [ app_begin ] --END-- [ RunTime:0.001000s ]
SQL: SHOW COLUMNS FROM `onethink_config` [ RunTime:0.0080s ]
SQL: SELECT `type`,`name`,`value` FROM `onethink_config` WHERE `status` = 1  [ RunTime:0.0020s ]

[ 2017-07-08T11:25:42+08:00 ] 127.0.0.1 /wechat.php/Wechat/Index/index.html
INFO: [ app_init ] --START--
INFO: Run Behavior\BuildLiteBehavior [ RunTime:0.000000s ]
INFO: Run Common\Behavior\InitHookBehavior [ RunTime:0.003000s ]
INFO: [ app_init ] --END-- [ RunTime:0.003000s ]
INFO: [ app_begin ] --START--

[ 2017-07-08T11:26:00+08:00 ] 127.0.0.1 /wechat.php/Wechat/Activities/diaocha-detail.html
INFO: [ app_init ] --START--
INFO: Run Behavior\BuildLiteBehavior [ RunTime:0.000000s ]
INFO: Run Common\Behavior\InitHookBehavior [ RunTime:0.003000s ]
INFO: [ app_init ] --END-- [ RunTime:0.004000s ]
INFO: [ app_begin ] --START--
INFO: Run Behavior\ReadHtmlCacheBehavior [ RunTime:0.000000s ]
INFO: [ app_begin ] --END-- [ RunTime:0.000000s ]
SQL: SHOW COLUMNS FROM `onethink_config` [ RunTime:0.0080s ]
SQL: SELECT `type`,`name`,`value` FROM `onethink_config` WHERE `status` = 1  [ RunTime:0.0010s ]

[ 2017-07-08T11:26:00+08:00 ] 127.0.0.1 /wechat.php/Wechat/Index/index.html
INFO: [ app_init ] --START--
INFO: Run Behavior\BuildLiteBehavior [ RunTime:0.000000s ]
INFO: Run Common\Behavior\InitHookBehavior [ RunTime:0.002000s ]
INFO: [ app_init ] --END-- [ RunTime:0.002000s ]
INFO: [ app_begin ] --START--

[ 2017-07-08T16:21:02+08:00 ] 127.0.0.1 /wechat.php/Wechat/Index/notice.html
INFO: [ app_init ] --START--
INFO: Run Behavior\BuildLiteBehavior [ RunTime:0.000000s ]
INFO: Run Common\Behavior\InitHookBehavior [ RunTime:0.003000s ]
INFO: [ app_init ] --END-- [ RunTime:0.003000s ]
INFO: [ app_begin ] --START--
INFO: Run Behavior\ReadHtmlCacheBehavior [ RunTime:0.001000s ]
INFO: [ app_begin ] --END-- [ RunTime:0.001000s ]
SQL: SHOW COLUMNS FROM `onethink_config` [ RunTime:0.0090s ]
SQL: SELECT `type`,`name`,`value` FROM `onethink_config` WHERE `status` = 1  [ RunTime:0.0010s ]
SQL: SHOW COLUMNS FROM `onethink_document` [ RunTime:0.0070s ]
SQL: SELECT * FROM `onethink_document`  [ RunTime:0.0010s ]
SQL: SHOW COLUMNS FROM `onethink_picture` [ RunTime:0.0080s ]
SQL: SELECT * FROM `onethink_picture` WHERE `id` = 4 LIMIT 1   [ RunTime:0.0010s ]
SQL: SELECT * FROM `onethink_picture` WHERE `id` = 6 LIMIT 1   [ RunTime:0.0010s ]
SQL: SELECT * FROM `onethink_picture` WHERE `id` = 7 LIMIT 1   [ RunTime:0.0010s ]
SQL: SELECT * FROM `onethink_picture` WHERE `id` = 0 LIMIT 1   [ RunTime:0.0000s ]
SQL: SELECT * FROM `onethink_picture` WHERE `id` = 10 LIMIT 1   [ RunTime:0.0010s ]
INFO: [ view_parse ] --START--
INFO: [ template_filter ] --START--
INFO: Run Behavior\ContentReplaceBehavior [ RunTime:0.000000s ]
INFO: [ template_filter ] --END-- [ RunTime:0.000000s ]
INFO: Run Behavior\ParseTemplateBehavior [ RunTime:0.036002s ]
INFO: [ view_parse ] --END-- [ RunTime:0.036002s ]
INFO: [ view_filter ] --START--
INFO: Run Behavior\WriteHtmlCacheBehavior [ RunTime:0.001000s ]
INFO: [ view_filter ] --END-- [ RunTime:0.001000s ]
INFO: [ app_end ] --START--
INFO: Run Behavior\ShowPageTraceBehavior [ RunTime:0.001000s ]
INFO: [ app_end ] --END-- [ RunTime:0.001000s ]
NOTIC: [8] Constant HTML_PATH already defined D:\WWW\OneThink\wwwroot\wechat.php 第 41 行.

[ 2017-07-08T16:25:09+08:00 ] 127.0.0.1 /wechat.php/Wechat/Index/zushou.html
INFO: [ app_init ] --START--
INFO: Run Behavior\BuildLiteBehavior [ RunTime:0.001000s ]
INFO: Run Common\Behavior\InitHookBehavior [ RunTime:0.002000s ]
INFO: [ app_init ] --END-- [ RunTime:0.003000s ]
INFO: [ app_begin ] --START--
INFO: Run Behavior\ReadHtmlCacheBehavior [ RunTime:0.000000s ]
INFO: [ app_begin ] --END-- [ RunTime:0.001000s ]
SQL: SHOW COLUMNS FROM `onethink_config` [ RunTime:0.0090s ]
SQL: SELECT `type`,`name`,`value` FROM `onethink_config` WHERE `status` = 1  [ RunTime:0.0030s ]
SQL: SHOW COLUMNS FROM `onethink_sale` [ RunTime:0.0070s ]
SQL: SELECT * FROM `onethink_sale` WHERE `type` = 0  [ RunTime:0.0010s ]
SQL: SELECT * FROM `onethink_sale` WHERE `type` = 1  [ RunTime:0.0010s ]
INFO: [ view_parse ] --START--
INFO: [ template_filter ] --START--
INFO: Run Behavior\ContentReplaceBehavior [ RunTime:0.000000s ]
INFO: [ template_filter ] --END-- [ RunTime:0.000000s ]

[ 2017-07-08T16:25:12+08:00 ] 127.0.0.1 /wechat.php/Wechat/Index/zushou.html
INFO: [ app_init ] --START--
INFO: Run Behavior\BuildLiteBehavior [ RunTime:0.000000s ]
INFO: Run Common\Behavior\InitHookBehavior [ RunTime:0.002000s ]
INFO: [ app_init ] --END-- [ RunTime:0.002000s ]
INFO: [ app_begin ] --START--
INFO: Run Behavior\ReadHtmlCacheBehavior [ RunTime:0.000000s ]
INFO: [ app_begin ] --END-- [ RunTime:0.001000s ]
SQL: SHOW COLUMNS FROM `onethink_config` [ RunTime:0.0070s ]
SQL: SELECT `type`,`name`,`value` FROM `onethink_config` WHERE `status` = 1  [ RunTime:0.0020s ]
SQL: SHOW COLUMNS FROM `onethink_sale` [ RunTime:0.0080s ]
SQL: SELECT * FROM `onethink_sale` WHERE `type` = 0  [ RunTime:0.0010s ]
SQL: SELECT * FROM `onethink_sale` WHERE `type` = 1  [ RunTime:0.0010s ]
INFO: [ view_parse ] --START--
INFO: [ template_filter ] --START--
INFO: Run Behavior\ContentReplaceBehavior [ RunTime:0.000000s ]
INFO: [ template_filter ] --END-- [ RunTime:0.000000s ]

[ 2017-07-08T16:26:53+08:00 ] 127.0.0.1 /wechat.php/Wechat/Index/index.html
INFO: [ app_init ] --START--
INFO: Run Behavior\BuildLiteBehavior [ RunTime:0.000000s ]
INFO: Run Common\Behavior\InitHookBehavior [ RunTime:0.002000s ]
INFO: [ app_init ] --END-- [ RunTime:0.002000s ]
INFO: [ app_begin ] --START--
INFO: Run Behavior\ReadHtmlCacheBehavior [ RunTime:0.024002s ]
INFO: [ app_begin ] --END-- [ RunTime:0.024002s ]
SQL: SHOW COLUMNS FROM `onethink_config` [ RunTime:0.0100s ]
SQL: SELECT `type`,`name`,`value` FROM `onethink_config` WHERE `status` = 1  [ RunTime:0.0010s ]
INFO: [ view_parse ] --START--
INFO: [ template_filter ] --START--
INFO: Run Behavior\ContentReplaceBehavior [ RunTime:0.000000s ]
INFO: [ template_filter ] --END-- [ RunTime:0.000000s ]
INFO: Run Behavior\ParseTemplateBehavior [ RunTime:0.014001s ]
INFO: [ view_parse ] --END-- [ RunTime:0.014001s ]
INFO: [ view_filter ] --START--
INFO: Run Behavior\WriteHtmlCacheBehavior [ RunTime:0.001000s ]
INFO: [ view_filter ] --END-- [ RunTime:0.001000s ]

[ 2017-07-08T16:26:56+08:00 ] 127.0.0.1 /wechat.php/Wechat/Login/login.html
INFO: [ app_init ] --START--
INFO: Run Behavior\BuildLiteBehavior [ RunTime:0.000000s ]
INFO: Run Common\Behavior\InitHookBehavior [ RunTime:0.002000s ]
INFO: [ app_init ] --END-- [ RunTime:0.003000s ]
INFO: [ app_begin ] --START--
NOTIC: [8] Undefined index: id D:\WWW\OneThink\wwwroot\ThinkPHP\Library\Behavior\ReadHtmlCacheBehavior.class.php 第 81 行.
INFO: Run Behavior\ReadHtmlCacheBehavior [ RunTime:0.059003s ]
INFO: [ app_begin ] --END-- [ RunTime:0.059003s ]
SQL: SHOW COLUMNS FROM `onethink_config` [ RunTime:0.0080s ]
SQL: SELECT `type`,`name`,`value` FROM `onethink_config` WHERE `status` = 1  [ RunTime:0.0010s ]
INFO: [ view_parse ] --START--
INFO: [ template_filter ] --START--
INFO: Run Behavior\ContentReplaceBehavior [ RunTime:0.000000s ]
INFO: [ template_filter ] --END-- [ RunTime:0.000000s ]
INFO: Run Behavior\ParseTemplateBehavior [ RunTime:0.019001s ]
INFO: [ view_parse ] --END-- [ RunTime:0.019001s ]
INFO: [ view_filter ] --START--
INFO: Run Behavior\WriteHtmlCacheBehavior [ RunTime:0.002000s ]
INFO: [ view_filter ] --END-- [ RunTime:0.002000s ]
INFO: [ view_parse ] --START--
INFO: [ template_filter ] --START--
INFO: Run Behavior\ContentReplaceBehavior [ RunTime:0.000000s ]
INFO: [ template_filter ] --END-- [ RunTime:-0.023001s ]
INFO: Run Behavior\ParseTemplateBehavior [ RunTime:0.006000s ]
INFO: [ view_parse ] --END-- [ RunTime:-0.017001s ]
INFO: [ view_filter ] --START--
INFO: Run Behavior\WriteHtmlCacheBehavior [ RunTime:0.001000s ]
INFO: [ view_filter ] --END-- [ RunTime:-0.021001s ]
INFO: [ app_end ] --START--
INFO: Run Behavior\ShowPageTraceBehavior [ RunTime:0.000000s ]
INFO: [ app_end ] --END-- [ RunTime:0.000000s ]
NOTIC: [8] Constant HTML_PATH already defined D:\WWW\OneThink\wwwroot\wechat.php 第 41 行.

[ 2017-07-08T16:26:57+08:00 ] 127.0.0.1 /wechat.php/Wechat/Login/verify.html
INFO: [ app_init ] --START--
INFO: Run Behavior\BuildLiteBehavior [ RunTime:0.000000s ]
INFO: Run Common\Behavior\InitHookBehavior [ RunTime:0.002000s ]
INFO: [ app_init ] --END-- [ RunTime:0.003000s ]
INFO: [ app_begin ] --START--
NOTIC: [8] Undefined index: id D:\WWW\OneThink\wwwroot\ThinkPHP\Library\Behavior\ReadHtmlCacheBehavior.class.php 第 81 行.
INFO: Run Behavior\ReadHtmlCacheBehavior [ RunTime:0.002000s ]
INFO: [ app_begin ] --END-- [ RunTime:0.002000s ]
SQL: SHOW COLUMNS FROM `onethink_config` [ RunTime:0.0110s ]
SQL: SELECT `type`,`name`,`value` FROM `onethink_config` WHERE `status` = 1  [ RunTime:0.0020s ]
INFO: [ app_end ] --START--
INFO: Run Behavior\ShowPageTraceBehavior [ RunTime:0.000000s ]
INFO: [ app_end ] --END-- [ RunTime:0.000000s ]
NOTIC: [8] Constant HTML_PATH already defined D:\WWW\OneThink\wwwroot\wechat.php 第 41 行.

[ 2017-07-08T16:27:05+08:00 ] 127.0.0.1 /wechat.php/Wechat/Login/login.html
INFO: [ app_init ] --START--
INFO: Run Behavior\BuildLiteBehavior [ RunTime:0.000000s ]
INFO: Run Common\Behavior\InitHookBehavior [ RunTime:0.002000s ]
INFO: [ app_init ] --END-- [ RunTime:0.004000s ]
INFO: [ app_begin ] --START--
INFO: Run Behavior\ReadHtmlCacheBehavior [ RunTime:0.001000s ]
INFO: [ app_begin ] --END-- [ RunTime:0.001000s ]
SQL: SHOW COLUMNS FROM `onethink_config` [ RunTime:0.0090s ]
SQL: SELECT `type`,`name`,`value` FROM `onethink_config` WHERE `status` = 1  [ RunTime:0.0020s ]
INFO: [ view_parse ] --START--
INFO: [ template_filter ] --START--
INFO: Run Behavior\ContentReplaceBehavior [ RunTime:0.000000s ]
INFO: [ template_filter ] --END-- [ RunTime:0.000000s ]
INFO: Run Behavior\ParseTemplateBehavior [ RunTime:0.012001s ]
INFO: [ view_parse ] --END-- [ RunTime:0.012001s ]
INFO: [ view_filter ] --START--
INFO: Run Behavior\WriteHtmlCacheBehavior [ RunTime:0.000000s ]
INFO: [ view_filter ] --END-- [ RunTime:0.000000s ]
SQL: SHOW COLUMNS FROM `onethink_user` [ RunTime:0.0560s ]
SQL: SELECT `password`,`username` FROM `onethink_user` WHERE `username` = '123' LIMIT 1   [ RunTime:0.0010s ]
NOTIC: [8] Undefined index: id D:\WWW\OneThink\wwwroot\Application\Wechat\Controller\LoginController.class.php 第 73 行.
SQL: SHOW COLUMNS FROM `onethink_user` [ RunTime:0.0070s ]
SQL: UPDATE `onethink_user` SET `username`='123',`password`='123' WHERE `username` = '123' AND `id` = null [ RunTime:0.0170s ]
INFO: [ view_parse ] --START--
INFO: [ template_filter ] --START--
INFO: Run Behavior\ContentReplaceBehavior [ RunTime:0.000000s ]
INFO: [ template_filter ] --END-- [ RunTime:-0.107006s ]
INFO: Run Behavior\ParseTemplateBehavior [ RunTime:0.004001s ]
INFO: [ view_parse ] --END-- [ RunTime:-0.101005s ]
INFO: [ view_filter ] --START--
INFO: Run Behavior\WriteHtmlCacheBehavior [ RunTime:0.000000s ]
INFO: [ view_filter ] --END-- [ RunTime:-0.105006s ]
INFO: [ app_end ] --START--
INFO: Run Behavior\ShowPageTraceBehavior [ RunTime:0.001000s ]
INFO: [ app_end ] --END-- [ RunTime:0.001000s ]
NOTIC: [8] Constant HTML_PATH already defined D:\WWW\OneThink\wwwroot\wechat.php 第 41 行.

[ 2017-07-08T16:27:06+08:00 ] 127.0.0.1 /wechat.php/Wechat/Index/my.html
INFO: [ app_init ] --START--
INFO: Run Behavior\BuildLiteBehavior [ RunTime:0.000000s ]
INFO: Run Common\Behavior\InitHookBehavior [ RunTime:0.002000s ]
INFO: [ app_init ] --END-- [ RunTime:0.003001s ]
INFO: [ app_begin ] --START--
INFO: Run Behavior\ReadHtmlCacheBehavior [ RunTime:0.001000s ]
INFO: [ app_begin ] --END-- [ RunTime:0.001000s ]
SQL: SHOW COLUMNS FROM `onethink_config` [ RunTime:0.0070s ]
SQL: SELECT `type`,`name`,`value` FROM `onethink_config` WHERE `status` = 1  [ RunTime:0.0010s ]
INFO: [ view_parse ] --START--
INFO: [ template_filter ] --START--
INFO: Run Behavior\ContentReplaceBehavior [ RunTime:0.000000s ]
INFO: [ template_filter ] --END-- [ RunTime:0.000000s ]
INFO: Run Behavior\ParseTemplateBehavior [ RunTime:0.024001s ]
INFO: [ view_parse ] --END-- [ RunTime:0.024001s ]
INFO: [ view_filter ] --START--
INFO: Run Behavior\WriteHtmlCacheBehavior [ RunTime:0.001000s ]
INFO: [ view_filter ] --END-- [ RunTime:0.001000s ]
INFO: [ app_end ] --START--
INFO: Run Behavior\ShowPageTraceBehavior [ RunTime:0.000000s ]
INFO: [ app_end ] --END-- [ RunTime:0.000000s ]
NOTIC: [8] Constant HTML_PATH already defined D:\WWW\OneThink\wwwroot\wechat.php 第 41 行.

[ 2017-07-08T16:27:13+08:00 ] 127.0.0.1 /wechat.php/Wechat/Index/index.html
INFO: [ app_init ] --START--
INFO: Run Behavior\BuildLiteBehavior [ RunTime:0.000000s ]
INFO: Run Common\Behavior\InitHookBehavior [ RunTime:0.003001s ]
INFO: [ app_init ] --END-- [ RunTime:0.004001s ]
INFO: [ app_begin ] --START--
INFO: Run Behavior\ReadHtmlCacheBehavior [ RunTime:0.001000s ]
INFO: [ app_begin ] --END-- [ RunTime:0.001000s ]
SQL: SHOW COLUMNS FROM `onethink_config` [ RunTime:0.0080s ]
SQL: SELECT `type`,`name`,`value` FROM `onethink_config` WHERE `status` = 1  [ RunTime:0.0010s ]
INFO: [ view_parse ] --START--
INFO: [ template_filter ] --START--
INFO: Run Behavior\ContentReplaceBehavior [ RunTime:0.000000s ]
INFO: [ template_filter ] --END-- [ RunTime:0.000000s ]
INFO: Run Behavior\ParseTemplateBehavior [ RunTime:0.008000s ]
INFO: [ view_parse ] --END-- [ RunTime:0.008000s ]
INFO: [ view_filter ] --START--
INFO: Run Behavior\WriteHtmlCacheBehavior [ RunTime:0.001001s ]
INFO: [ view_filter ] --END-- [ RunTime:0.001001s ]

[ 2017-07-08T16:27:17+08:00 ] 127.0.0.1 /wechat.php/Wechat/Login/login.html
INFO: [ app_init ] --START--
INFO: Run Behavior\BuildLiteBehavior [ RunTime:0.000000s ]
INFO: Run Common\Behavior\InitHookBehavior [ RunTime:0.002000s ]
INFO: [ app_init ] --END-- [ RunTime:0.002000s ]
INFO: [ app_begin ] --START--
NOTIC: [8] Undefined index: id D:\WWW\OneThink\wwwroot\ThinkPHP\Library\Behavior\ReadHtmlCacheBehavior.class.php 第 81 行.

[ 2017-07-08T16:27:17+08:00 ] 127.0.0.1 /wechat.php/Wechat/Login/verify.html
INFO: [ app_init ] --START--
INFO: Run Behavior\BuildLiteBehavior [ RunTime:0.000000s ]
INFO: Run Common\Behavior\InitHookBehavior [ RunTime:0.002001s ]
INFO: [ app_init ] --END-- [ RunTime:0.002001s ]
INFO: [ app_begin ] --START--
NOTIC: [8] Undefined index: id D:\WWW\OneThink\wwwroot\ThinkPHP\Library\Behavior\ReadHtmlCacheBehavior.class.php 第 81 行.
INFO: Run Behavior\ReadHtmlCacheBehavior [ RunTime:0.001000s ]
INFO: [ app_begin ] --END-- [ RunTime:0.001000s ]
SQL: SHOW COLUMNS FROM `onethink_config` [ RunTime:0.0070s ]
SQL: SELECT `type`,`name`,`value` FROM `onethink_config` WHERE `status` = 1  [ RunTime:0.0030s ]
INFO: [ app_end ] --START--
INFO: Run Behavior\ShowPageTraceBehavior [ RunTime:0.000000s ]
INFO: [ app_end ] --END-- [ RunTime:0.000000s ]
NOTIC: [8] Constant HTML_PATH already defined D:\WWW\OneThink\wwwroot\wechat.php 第 41 行.

[ 2017-07-08T17:07:15+08:00 ] 127.0.0.1 /wechat.php/Wechat/Index/index.html
INFO: [ app_init ] --START--
INFO: Run Behavior\BuildLiteBehavior [ RunTime:0.000000s ]
INFO: Run Common\Behavior\InitHookBehavior [ RunTime:0.003001s ]
INFO: [ app_init ] --END-- [ RunTime:0.003001s ]
INFO: [ app_begin ] --START--
INFO: Run Behavior\ReadHtmlCacheBehavior [ RunTime:0.002000s ]
INFO: [ app_begin ] --END-- [ RunTime:0.002000s ]
SQL: SHOW COLUMNS FROM `onethink_config` [ RunTime:0.0080s ]
SQL: SELECT `type`,`name`,`value` FROM `onethink_config` WHERE `status` = 1  [ RunTime:0.0010s ]
INFO: [ view_parse ] --START--
INFO: [ template_filter ] --START--
INFO: Run Behavior\ContentReplaceBehavior [ RunTime:0.000000s ]
INFO: [ template_filter ] --END-- [ RunTime:0.000000s ]
INFO: Run Behavior\ParseTemplateBehavior [ RunTime:0.025002s ]
INFO: [ view_parse ] --END-- [ RunTime:0.025002s ]
INFO: [ view_filter ] --START--
INFO: Run Behavior\WriteHtmlCacheBehavior [ RunTime:0.002000s ]
INFO: [ view_filter ] --END-- [ RunTime:0.002000s ]
INFO: [ view_parse ] --START--
INFO: [ template_filter ] --START--
INFO: Run Behavior\ContentReplaceBehavior [ RunTime:0.000000s ]
INFO: [ template_filter ] --END-- [ RunTime:-0.010000s ]
INFO: Run Behavior\ParseTemplateBehavior [ RunTime:0.006000s ]
INFO: [ view_parse ] --END-- [ RunTime:-0.004000s ]
INFO: [ view_filter ] --START--
INFO: Run Behavior\WriteHtmlCacheBehavior [ RunTime:0.002000s ]
INFO: [ view_filter ] --END-- [ RunTime:-0.008000s ]
INFO: [ app_end ] --START--
INFO: Run Behavior\ShowPageTraceBehavior [ RunTime:0.001000s ]
INFO: [ app_end ] --END-- [ RunTime:0.001000s ]
NOTIC: [8] Constant HTML_PATH already defined D:\WWW\OneThink\wwwroot\wechat.php 第 41 行.

[ 2017-07-08T17:07:17+08:00 ] 127.0.0.1 /wechat.php/Wechat/Index/notice.html
INFO: [ app_init ] --START--
INFO: Run Behavior\BuildLiteBehavior [ RunTime:0.000000s ]
INFO: Run Common\Behavior\InitHookBehavior [ RunTime:0.001000s ]
INFO: [ app_init ] --END-- [ RunTime:0.002001s ]
INFO: [ app_begin ] --START--
INFO: Run Behavior\ReadHtmlCacheBehavior [ RunTime:0.001000s ]
INFO: [ app_begin ] --END-- [ RunTime:0.001000s ]
SQL: SHOW COLUMNS FROM `onethink_config` [ RunTime:0.0070s ]
SQL: SELECT `type`,`name`,`value` FROM `onethink_config` WHERE `status` = 1  [ RunTime:0.0020s ]
SQL: SHOW COLUMNS FROM `onethink_document` [ RunTime:0.0090s ]
SQL: SELECT * FROM `onethink_document`  [ RunTime:0.0010s ]
SQL: SHOW COLUMNS FROM `onethink_picture` [ RunTime:0.0080s ]
SQL: SELECT * FROM `onethink_picture` WHERE `id` = 4 LIMIT 1   [ RunTime:0.0010s ]
SQL: SELECT * FROM `onethink_picture` WHERE `id` = 6 LIMIT 1   [ RunTime:0.0010s ]
SQL: SELECT * FROM `onethink_picture` WHERE `id` = 7 LIMIT 1   [ RunTime:0.0010s ]
SQL: SELECT * FROM `onethink_picture` WHERE `id` = 0 LIMIT 1   [ RunTime:0.0010s ]
SQL: SELECT * FROM `onethink_picture` WHERE `id` = 10 LIMIT 1   [ RunTime:0.0010s ]
ERR: 1146:Table 'onethink.picture' doesn't exist
 [ SQL语句 ] : SELECT * FROM `onethink_document` Right join picture on picture.id=document.cover_id  
ERR: 1146:Table 'onethink.picture' doesn't exist
 [ SQL语句 ] : SELECT * FROM `onethink_document` Right join picture on picture.id=document.cover_id  

[ 2017-07-08T17:07:35+08:00 ] 127.0.0.1 /wechat.php/Wechat/Index/notice.html
INFO: [ app_init ] --START--
INFO: Run Behavior\BuildLiteBehavior [ RunTime:0.000000s ]
INFO: Run Common\Behavior\InitHookBehavior [ RunTime:0.002000s ]
INFO: [ app_init ] --END-- [ RunTime:0.002000s ]
INFO: [ app_begin ] --START--
INFO: Run Behavior\ReadHtmlCacheBehavior [ RunTime:0.000000s ]
INFO: [ app_begin ] --END-- [ RunTime:0.000000s ]
SQL: SHOW COLUMNS FROM `onethink_config` [ RunTime:0.0070s ]
SQL: SELECT `type`,`name`,`value` FROM `onethink_config` WHERE `status` = 1  [ RunTime:0.0020s ]
SQL: SHOW COLUMNS FROM `onethink_document` [ RunTime:0.0080s ]
SQL: SELECT * FROM `onethink_document`  [ RunTime:0.0020s ]
SQL: SHOW COLUMNS FROM `onethink_picture` [ RunTime:0.0080s ]
SQL: SELECT * FROM `onethink_picture` WHERE `id` = 4 LIMIT 1   [ RunTime:0.0020s ]
SQL: SELECT * FROM `onethink_picture` WHERE `id` = 6 LIMIT 1   [ RunTime:0.0020s ]
SQL: SELECT * FROM `onethink_picture` WHERE `id` = 7 LIMIT 1   [ RunTime:0.0010s ]
SQL: SELECT * FROM `onethink_picture` WHERE `id` = 0 LIMIT 1   [ RunTime:0.0010s ]
SQL: SELECT * FROM `onethink_picture` WHERE `id` = 10 LIMIT 1   [ RunTime:0.0020s ]
ERR: 1146:Table 'onethink._picture' doesn't exist
 [ SQL语句 ] : SELECT * FROM `onethink_document` Right join _picture on _picture.id=_document.cover_id  
ERR: 1146:Table 'onethink._picture' doesn't exist
 [ SQL语句 ] : SELECT * FROM `onethink_document` Right join _picture on _picture.id=_document.cover_id  

[ 2017-07-08T17:08:24+08:00 ] 127.0.0.1 /wechat.php/Wechat/Index/notice.html
INFO: [ app_init ] --START--
INFO: Run Behavior\BuildLiteBehavior [ RunTime:0.000000s ]
INFO: Run Common\Behavior\InitHookBehavior [ RunTime:0.002000s ]
INFO: [ app_init ] --END-- [ RunTime:0.003000s ]
INFO: [ app_begin ] --START--
INFO: Run Behavior\ReadHtmlCacheBehavior [ RunTime:0.000000s ]
INFO: [ app_begin ] --END-- [ RunTime:0.000000s ]
SQL: SHOW COLUMNS FROM `onethink_config` [ RunTime:0.0080s ]
SQL: SELECT `type`,`name`,`value` FROM `onethink_config` WHERE `status` = 1  [ RunTime:0.0010s ]
SQL: SHOW COLUMNS FROM `onethink_document` [ RunTime:0.0080s ]
SQL: SELECT * FROM `onethink_document`  [ RunTime:0.0020s ]
SQL: SHOW COLUMNS FROM `onethink_picture` [ RunTime:0.0060s ]
SQL: SELECT * FROM `onethink_picture` WHERE `id` = 4 LIMIT 1   [ RunTime:0.0010s ]
SQL: SELECT * FROM `onethink_picture` WHERE `id` = 6 LIMIT 1   [ RunTime:0.0010s ]
SQL: SELECT * FROM `onethink_picture` WHERE `id` = 7 LIMIT 1   [ RunTime:0.0010s ]
SQL: SELECT * FROM `onethink_picture` WHERE `id` = 0 LIMIT 1   [ RunTime:0.0010s ]
SQL: SELECT * FROM `onethink_picture` WHERE `id` = 10 LIMIT 1   [ RunTime:0.0010s ]
ERR: 1054:Unknown column '_picture.id' in 'on clause'
 [ SQL语句 ] : SELECT * FROM `onethink_document` RIGHT JOIN onethink_picture on _picture.id=_document.cover_id  
ERR: 1054:Unknown column '_picture.id' in 'on clause'
 [ SQL语句 ] : SELECT * FROM `onethink_document` RIGHT JOIN onethink_picture on _picture.id=_document.cover_id  

[ 2017-07-08T17:08:44+08:00 ] 127.0.0.1 /wechat.php/Wechat/Index/notice.html
INFO: [ app_init ] --START--
INFO: Run Behavior\BuildLiteBehavior [ RunTime:0.000000s ]
INFO: Run Common\Behavior\InitHookBehavior [ RunTime:0.002000s ]
INFO: [ app_init ] --END-- [ RunTime:0.002000s ]
INFO: [ app_begin ] --START--
INFO: Run Behavior\ReadHtmlCacheBehavior [ RunTime:0.001000s ]
INFO: [ app_begin ] --END-- [ RunTime:0.001000s ]
SQL: SHOW COLUMNS FROM `onethink_config` [ RunTime:0.0070s ]
SQL: SELECT `type`,`name`,`value` FROM `onethink_config` WHERE `status` = 1  [ RunTime:0.0020s ]
SQL: SHOW COLUMNS FROM `onethink_document` [ RunTime:0.0100s ]
SQL: SELECT * FROM `onethink_document`  [ RunTime:0.0020s ]
SQL: SHOW COLUMNS FROM `onethink_picture` [ RunTime:0.0080s ]
SQL: SELECT * FROM `onethink_picture` WHERE `id` = 4 LIMIT 1   [ RunTime:0.0020s ]
SQL: SELECT * FROM `onethink_picture` WHERE `id` = 6 LIMIT 1   [ RunTime:0.0010s ]
SQL: SELECT * FROM `onethink_picture` WHERE `id` = 7 LIMIT 1   [ RunTime:0.0010s ]
SQL: SELECT * FROM `onethink_picture` WHERE `id` = 0 LIMIT 1   [ RunTime:0.0010s ]
SQL: SELECT * FROM `onethink_picture` WHERE `id` = 10 LIMIT 1   [ RunTime:0.0010s ]
SQL: SELECT * FROM `onethink_document` RIGHT JOIN onethink_picture on onethink_picture.id=onethink_document.cover_id   [ RunTime:0.0360s ]

[ 2017-07-08T17:09:01+08:00 ] 127.0.0.1 /wechat.php/Wechat/Index/notice.html
INFO: [ app_init ] --START--
INFO: Run Behavior\BuildLiteBehavior [ RunTime:0.000000s ]
INFO: Run Common\Behavior\InitHookBehavior [ RunTime:0.003001s ]
INFO: [ app_init ] --END-- [ RunTime:0.003001s ]
INFO: [ app_begin ] --START--
INFO: Run Behavior\ReadHtmlCacheBehavior [ RunTime:0.001000s ]
INFO: [ app_begin ] --END-- [ RunTime:0.001000s ]
SQL: SHOW COLUMNS FROM `onethink_config` [ RunTime:0.0070s ]
SQL: SELECT `type`,`name`,`value` FROM `onethink_config` WHERE `status` = 1  [ RunTime:0.0010s ]
SQL: SHOW COLUMNS FROM `onethink_document` [ RunTime:0.0070s ]
SQL: SELECT * FROM `onethink_document`  [ RunTime:0.0010s ]
SQL: SHOW COLUMNS FROM `onethink_picture` [ RunTime:0.0070s ]
SQL: SELECT * FROM `onethink_picture` WHERE `id` = 4 LIMIT 1   [ RunTime:0.0010s ]
SQL: SELECT * FROM `onethink_picture` WHERE `id` = 6 LIMIT 1   [ RunTime:0.0000s ]
SQL: SELECT * FROM `onethink_picture` WHERE `id` = 7 LIMIT 1   [ RunTime:0.0000s ]
SQL: SELECT * FROM `onethink_picture` WHERE `id` = 0 LIMIT 1   [ RunTime:0.0010s ]
SQL: SELECT * FROM `onethink_picture` WHERE `id` = 10 LIMIT 1   [ RunTime:0.0000s ]
SQL: SELECT * FROM `onethink_document` left JOIN onethink_picture on onethink_picture.id=onethink_document.cover_id   [ RunTime:0.0020s ]

[ 2017-07-08T17:09:18+08:00 ] 127.0.0.1 /wechat.php/Wechat/Index/notice.html
INFO: [ app_init ] --START--
INFO: Run Behavior\BuildLiteBehavior [ RunTime:0.000000s ]
INFO: Run Common\Behavior\InitHookBehavior [ RunTime:0.002000s ]
INFO: [ app_init ] --END-- [ RunTime:0.002000s ]
INFO: [ app_begin ] --START--
INFO: Run Behavior\ReadHtmlCacheBehavior [ RunTime:0.001000s ]
INFO: [ app_begin ] --END-- [ RunTime:0.001000s ]
SQL: SHOW COLUMNS FROM `onethink_config` [ RunTime:0.0070s ]
SQL: SELECT `type`,`name`,`value` FROM `onethink_config` WHERE `status` = 1  [ RunTime:0.0010s ]
SQL: SHOW COLUMNS FROM `onethink_document` [ RunTime:0.0090s ]
SQL: SELECT * FROM `onethink_document`  [ RunTime:0.0010s ]
SQL: SHOW COLUMNS FROM `onethink_picture` [ RunTime:0.0080s ]
SQL: SELECT * FROM `onethink_picture` WHERE `id` = 4 LIMIT 1   [ RunTime:0.0010s ]
SQL: SELECT * FROM `onethink_picture` WHERE `id` = 6 LIMIT 1   [ RunTime:0.0030s ]
SQL: SELECT * FROM `onethink_picture` WHERE `id` = 7 LIMIT 1   [ RunTime:0.0020s ]
SQL: SELECT * FROM `onethink_picture` WHERE `id` = 0 LIMIT 1   [ RunTime:0.0020s ]
SQL: SELECT * FROM `onethink_picture` WHERE `id` = 10 LIMIT 1   [ RunTime:0.0010s ]
SQL: SELECT * FROM `onethink_document` LEFT JOIN onethink_picture on onethink_picture.id=onethink_document.cover_id   [ RunTime:0.0020s ]
INFO: [ view_parse ] --START--
INFO: [ template_filter ] --START--
INFO: Run Behavior\ContentReplaceBehavior [ RunTime:0.000000s ]
INFO: [ template_filter ] --END-- [ RunTime:0.000000s ]
NOTIC: [8] Undefined index: picture D:\WWW\OneThink\wwwroot\Runtime\Cache\Wechat\16ef3ed297cbf80682c75b51c73ffbf3.php 第 51 行.
NOTIC: [8] Undefined index: picture D:\WWW\OneThink\wwwroot\Runtime\Cache\Wechat\16ef3ed297cbf80682c75b51c73ffbf3.php 第 51 行.
NOTIC: [8] Undefined index: picture D:\WWW\OneThink\wwwroot\Runtime\Cache\Wechat\16ef3ed297cbf80682c75b51c73ffbf3.php 第 51 行.
NOTIC: [8] Undefined index: picture D:\WWW\OneThink\wwwroot\Runtime\Cache\Wechat\16ef3ed297cbf80682c75b51c73ffbf3.php 第 51 行.
NOTIC: [8] Undefined index: picture D:\WWW\OneThink\wwwroot\Runtime\Cache\Wechat\16ef3ed297cbf80682c75b51c73ffbf3.php 第 51 行.
INFO: Run Behavior\ParseTemplateBehavior [ RunTime:0.011001s ]
INFO: [ view_parse ] --END-- [ RunTime:0.011001s ]
INFO: [ view_filter ] --START--
INFO: Run Behavior\WriteHtmlCacheBehavior [ RunTime:0.000000s ]
INFO: [ view_filter ] --END-- [ RunTime:0.000000s ]
INFO: [ app_end ] --START--
INFO: Run Behavior\ShowPageTraceBehavior [ RunTime:0.001000s ]
INFO: [ app_end ] --END-- [ RunTime:0.001000s ]
NOTIC: [8] Constant HTML_PATH already defined D:\WWW\OneThink\wwwroot\wechat.php 第 41 行.

[ 2017-07-08T17:11:00+08:00 ] 127.0.0.1 /wechat.php/Wechat/Index/notice.html
INFO: [ app_init ] --START--
INFO: Run Behavior\BuildLiteBehavior [ RunTime:0.000000s ]
INFO: Run Common\Behavior\InitHookBehavior [ RunTime:0.002000s ]
INFO: [ app_init ] --END-- [ RunTime:0.004000s ]
INFO: [ app_begin ] --START--
INFO: Run Behavior\ReadHtmlCacheBehavior [ RunTime:0.000000s ]
INFO: [ app_begin ] --END-- [ RunTime:0.001000s ]
SQL: SHOW COLUMNS FROM `onethink_config` [ RunTime:0.0080s ]
SQL: SELECT `type`,`name`,`value` FROM `onethink_config` WHERE `status` = 1  [ RunTime:0.0010s ]
SQL: SHOW COLUMNS FROM `onethink_document` [ RunTime:0.0070s ]
SQL: SELECT * FROM `onethink_document`  [ RunTime:0.0020s ]
ERR: 1052:Column 'id' in where clause is ambiguous
 [ SQL语句 ] : SELECT * FROM `onethink_document` LEFT JOIN onethink_picture on onethink_picture.id=onethink_document.cover_id  WHERE `id` = '' 
ERR: 1052:Column 'id' in where clause is ambiguous
 [ SQL语句 ] : SELECT * FROM `onethink_document` LEFT JOIN onethink_picture on onethink_picture.id=onethink_document.cover_id  WHERE `id` = '' 

[ 2017-07-08T17:11:21+08:00 ] 127.0.0.1 /wechat.php/Wechat/Index/notice.html
INFO: [ app_init ] --START--
INFO: Run Behavior\BuildLiteBehavior [ RunTime:0.000000s ]
INFO: Run Common\Behavior\InitHookBehavior [ RunTime:0.003000s ]
INFO: [ app_init ] --END-- [ RunTime:0.003000s ]
INFO: [ app_begin ] --START--
INFO: Run Behavior\ReadHtmlCacheBehavior [ RunTime:0.001000s ]
INFO: [ app_begin ] --END-- [ RunTime:0.001000s ]
SQL: SHOW COLUMNS FROM `onethink_config` [ RunTime:0.0070s ]
SQL: SELECT `type`,`name`,`value` FROM `onethink_config` WHERE `status` = 1  [ RunTime:0.0020s ]
SQL: SHOW COLUMNS FROM `onethink_document` [ RunTime:0.0080s ]
SQL: SELECT * FROM `onethink_document`  [ RunTime:0.0010s ]
SQL: SELECT * FROM `onethink_document` LEFT JOIN onethink_picture on onethink_picture.id=onethink_document.cover_id  WHERE `category_id` = ''  [ RunTime:0.0010s ]
INFO: [ view_parse ] --START--
INFO: [ template_filter ] --START--
INFO: Run Behavior\ContentReplaceBehavior [ RunTime:0.000000s ]
INFO: [ template_filter ] --END-- [ RunTime:0.000000s ]
INFO: Run Behavior\ParseTemplateBehavior [ RunTime:0.010001s ]
INFO: [ view_parse ] --END-- [ RunTime:0.010001s ]
INFO: [ view_filter ] --START--
INFO: Run Behavior\WriteHtmlCacheBehavior [ RunTime:0.000000s ]
INFO: [ view_filter ] --END-- [ RunTime:0.000000s ]
INFO: [ app_end ] --START--
INFO: Run Behavior\ShowPageTraceBehavior [ RunTime:0.001000s ]
INFO: [ app_end ] --END-- [ RunTime:0.001000s ]
NOTIC: [8] Constant HTML_PATH already defined D:\WWW\OneThink\wwwroot\wechat.php 第 41 行.

[ 2017-07-08T17:11:44+08:00 ] 127.0.0.1 /wechat.php/Wechat/Index/notice.html
INFO: [ app_init ] --START--
INFO: Run Behavior\BuildLiteBehavior [ RunTime:0.000000s ]
INFO: Run Common\Behavior\InitHookBehavior [ RunTime:0.002000s ]
INFO: [ app_init ] --END-- [ RunTime:0.003000s ]
INFO: [ app_begin ] --START--
INFO: Run Behavior\ReadHtmlCacheBehavior [ RunTime:0.001000s ]
INFO: [ app_begin ] --END-- [ RunTime:0.001000s ]
SQL: SHOW COLUMNS FROM `onethink_config` [ RunTime:0.0080s ]
SQL: SELECT `type`,`name`,`value` FROM `onethink_config` WHERE `status` = 1  [ RunTime:0.0010s ]
SQL: SHOW COLUMNS FROM `onethink_document` [ RunTime:0.0070s ]
SQL: SELECT * FROM `onethink_document` LEFT JOIN onethink_picture on onethink_picture.id=onethink_document.cover_id  WHERE `category_id` = 2  [ RunTime:0.0010s ]
INFO: [ view_parse ] --START--
INFO: [ template_filter ] --START--
INFO: Run Behavior\ContentReplaceBehavior [ RunTime:0.000000s ]
INFO: [ template_filter ] --END-- [ RunTime:0.000000s ]
NOTIC: [8] Undefined index: picture D:\WWW\OneThink\wwwroot\Runtime\Cache\Wechat\16ef3ed297cbf80682c75b51c73ffbf3.php 第 51 行.
NOTIC: [8] Undefined index: picture D:\WWW\OneThink\wwwroot\Runtime\Cache\Wechat\16ef3ed297cbf80682c75b51c73ffbf3.php 第 51 行.
INFO: Run Behavior\ParseTemplateBehavior [ RunTime:0.010001s ]
INFO: [ view_parse ] --END-- [ RunTime:0.010001s ]
INFO: [ view_filter ] --START--
INFO: Run Behavior\WriteHtmlCacheBehavior [ RunTime:0.000000s ]
INFO: [ view_filter ] --END-- [ RunTime:0.000000s ]
INFO: [ app_end ] --START--
INFO: Run Behavior\ShowPageTraceBehavior [ RunTime:0.001000s ]
INFO: [ app_end ] --END-- [ RunTime:0.001000s ]
NOTIC: [8] Constant HTML_PATH already defined D:\WWW\OneThink\wwwroot\wechat.php 第 41 行.

[ 2017-07-08T17:11:46+08:00 ] 127.0.0.1 /wechat.php/Wechat/Index/notice.html
INFO: [ app_init ] --START--
INFO: Run Behavior\BuildLiteBehavior [ RunTime:0.000000s ]
INFO: Run Common\Behavior\InitHookBehavior [ RunTime:0.001000s ]
INFO: [ app_init ] --END-- [ RunTime:0.002000s ]
INFO: [ app_begin ] --START--
INFO: Run Behavior\ReadHtmlCacheBehavior [ RunTime:0.001000s ]
INFO: [ app_begin ] --END-- [ RunTime:0.001000s ]
SQL: SHOW COLUMNS FROM `onethink_config` [ RunTime:0.0070s ]
SQL: SELECT `type`,`name`,`value` FROM `onethink_config` WHERE `status` = 1  [ RunTime:0.0020s ]
SQL: SHOW COLUMNS FROM `onethink_document` [ RunTime:0.0070s ]
SQL: SELECT * FROM `onethink_document` LEFT JOIN onethink_picture on onethink_picture.id=onethink_document.cover_id  WHERE `category_id` = 2  [ RunTime:0.0020s ]
INFO: [ view_parse ] --START--
INFO: [ template_filter ] --START--
INFO: Run Behavior\ContentReplaceBehavior [ RunTime:0.000000s ]
INFO: [ template_filter ] --END-- [ RunTime:0.001000s ]
NOTIC: [8] Undefined index: picture D:\WWW\OneThink\wwwroot\Runtime\Cache\Wechat\16ef3ed297cbf80682c75b51c73ffbf3.php 第 51 行.
NOTIC: [8] Undefined index: picture D:\WWW\OneThink\wwwroot\Runtime\Cache\Wechat\16ef3ed297cbf80682c75b51c73ffbf3.php 第 51 行.
INFO: Run Behavior\ParseTemplateBehavior [ RunTime:0.010000s ]
INFO: [ view_parse ] --END-- [ RunTime:0.010000s ]
INFO: [ view_filter ] --START--
INFO: Run Behavior\WriteHtmlCacheBehavior [ RunTime:0.001001s ]
INFO: [ view_filter ] --END-- [ RunTime:0.001001s ]
INFO: [ app_end ] --START--
INFO: Run Behavior\ShowPageTraceBehavior [ RunTime:0.000000s ]
INFO: [ app_end ] --END-- [ RunTime:0.000000s ]
NOTIC: [8] Constant HTML_PATH already defined D:\WWW\OneThink\wwwroot\wechat.php 第 41 行.

[ 2017-07-08T17:12:09+08:00 ] 127.0.0.1 /wechat.php/Wechat/Index/notice.html
INFO: [ app_init ] --START--
INFO: Run Behavior\BuildLiteBehavior [ RunTime:0.000000s ]
INFO: Run Common\Behavior\InitHookBehavior [ RunTime:0.002000s ]
INFO: [ app_init ] --END-- [ RunTime:0.003000s ]
INFO: [ app_begin ] --START--
INFO: Run Behavior\ReadHtmlCacheBehavior [ RunTime:0.000000s ]
INFO: [ app_begin ] --END-- [ RunTime:0.000000s ]
SQL: SHOW COLUMNS FROM `onethink_config` [ RunTime:0.0100s ]
SQL: SELECT `type`,`name`,`value` FROM `onethink_config` WHERE `status` = 1  [ RunTime:0.0030s ]
SQL: SHOW COLUMNS FROM `onethink_document` [ RunTime:0.0080s ]
SQL: SELECT * FROM `onethink_document` LEFT JOIN onethink_picture on onethink_picture.id=onethink_document.cover_id  WHERE `category_id` = 2  [ RunTime:0.0020s ]
INFO: [ view_parse ] --START--
INFO: [ template_filter ] --START--
INFO: Run Behavior\ContentReplaceBehavior [ RunTime:0.000000s ]
INFO: [ template_filter ] --END-- [ RunTime:0.000000s ]
NOTIC: [8] Undefined index: picture D:\WWW\OneThink\wwwroot\Runtime\Cache\Wechat\16ef3ed297cbf80682c75b51c73ffbf3.php 第 51 行.
NOTIC: [8] Undefined index: picture D:\WWW\OneThink\wwwroot\Runtime\Cache\Wechat\16ef3ed297cbf80682c75b51c73ffbf3.php 第 51 行.
INFO: Run Behavior\ParseTemplateBehavior [ RunTime:0.012001s ]
INFO: [ view_parse ] --END-- [ RunTime:0.013001s ]
INFO: [ view_filter ] --START--
INFO: Run Behavior\WriteHtmlCacheBehavior [ RunTime:0.000000s ]
INFO: [ view_filter ] --END-- [ RunTime:0.000000s ]
INFO: [ app_end ] --START--
INFO: Run Behavior\ShowPageTraceBehavior [ RunTime:0.001000s ]
INFO: [ app_end ] --END-- [ RunTime:0.001000s ]
NOTIC: [8] Constant HTML_PATH already defined D:\WWW\OneThink\wwwroot\wechat.php 第 41 行.

[ 2017-07-08T17:12:29+08:00 ] 127.0.0.1 /wechat.php/Wechat/Index/notice.html
INFO: [ app_init ] --START--
INFO: Run Behavior\BuildLiteBehavior [ RunTime:0.000000s ]
INFO: Run Common\Behavior\InitHookBehavior [ RunTime:0.002000s ]
INFO: [ app_init ] --END-- [ RunTime:0.002000s ]
INFO: [ app_begin ] --START--
INFO: Run Behavior\ReadHtmlCacheBehavior [ RunTime:0.000000s ]
INFO: [ app_begin ] --END-- [ RunTime:0.000000s ]
SQL: SHOW COLUMNS FROM `onethink_config` [ RunTime:0.0070s ]
SQL: SELECT `type`,`name`,`value` FROM `onethink_config` WHERE `status` = 1  [ RunTime:0.0010s ]
SQL: SHOW COLUMNS FROM `onethink_document` [ RunTime:0.0080s ]
SQL: SELECT * FROM `onethink_document` LEFT JOIN onethink_picture on onethink_picture.id=onethink_document.cover_id  WHERE `category_id` = 2  [ RunTime:0.0020s ]

[ 2017-07-08T17:12:31+08:00 ] 127.0.0.1 /wechat.php/Wechat/Index/notice.html
INFO: [ app_init ] --START--
INFO: Run Behavior\BuildLiteBehavior [ RunTime:0.000000s ]
INFO: Run Common\Behavior\InitHookBehavior [ RunTime:0.002000s ]
INFO: [ app_init ] --END-- [ RunTime:0.003000s ]
INFO: [ app_begin ] --START--
INFO: Run Behavior\ReadHtmlCacheBehavior [ RunTime:0.000000s ]
INFO: [ app_begin ] --END-- [ RunTime:0.001000s ]
SQL: SHOW COLUMNS FROM `onethink_config` [ RunTime:0.0070s ]
SQL: SELECT `type`,`name`,`value` FROM `onethink_config` WHERE `status` = 1  [ RunTime:0.0010s ]
SQL: SHOW COLUMNS FROM `onethink_document` [ RunTime:0.0140s ]
SQL: SELECT * FROM `onethink_document` LEFT JOIN onethink_picture on onethink_picture.id=onethink_document.cover_id  WHERE `category_id` = 2  [ RunTime:0.0010s ]

[ 2017-07-08T17:13:27+08:00 ] 127.0.0.1 /wechat.php/Wechat/Index/notice.html
INFO: [ app_init ] --START--
INFO: Run Behavior\BuildLiteBehavior [ RunTime:0.000000s ]
INFO: Run Common\Behavior\InitHookBehavior [ RunTime:0.002000s ]
INFO: [ app_init ] --END-- [ RunTime:0.002000s ]
INFO: [ app_begin ] --START--
INFO: Run Behavior\ReadHtmlCacheBehavior [ RunTime:0.001000s ]
INFO: [ app_begin ] --END-- [ RunTime:0.001000s ]
SQL: SHOW COLUMNS FROM `onethink_config` [ RunTime:0.0100s ]
SQL: SELECT `type`,`name`,`value` FROM `onethink_config` WHERE `status` = 1  [ RunTime:0.0020s ]
SQL: SHOW COLUMNS FROM `onethink_document` [ RunTime:0.0070s ]
SQL: SELECT * FROM `onethink_document` LEFT JOIN onethink_picture on onethink_picture.id=onethink_document.cover_id  WHERE `category_id` = 2  [ RunTime:0.0020s ]
INFO: [ view_parse ] --START--
INFO: [ template_filter ] --START--
INFO: Run Behavior\ContentReplaceBehavior [ RunTime:0.000000s ]
INFO: [ template_filter ] --END-- [ RunTime:0.000000s ]
INFO: Run Behavior\ParseTemplateBehavior [ RunTime:0.010001s ]
INFO: [ view_parse ] --END-- [ RunTime:0.010001s ]
INFO: [ view_filter ] --START--
INFO: Run Behavior\WriteHtmlCacheBehavior [ RunTime:0.001000s ]
INFO: [ view_filter ] --END-- [ RunTime:0.001000s ]
INFO: [ app_end ] --START--
INFO: Run Behavior\ShowPageTraceBehavior [ RunTime:0.000000s ]
INFO: [ app_end ] --END-- [ RunTime:0.000000s ]
NOTIC: [8] Constant HTML_PATH already defined D:\WWW\OneThink\wwwroot\wechat.php 第 41 行.

[ 2017-07-08T17:13:30+08:00 ] 127.0.0.1 /wechat.php/Wechat/Index/notice.html
INFO: [ app_init ] --START--
INFO: Run Behavior\BuildLiteBehavior [ RunTime:0.000000s ]
INFO: Run Common\Behavior\InitHookBehavior [ RunTime:0.002000s ]
INFO: [ app_init ] --END-- [ RunTime:0.002000s ]
INFO: [ app_begin ] --START--
INFO: Run Behavior\ReadHtmlCacheBehavior [ RunTime:0.000000s ]
INFO: [ app_begin ] --END-- [ RunTime:0.000000s ]
SQL: SHOW COLUMNS FROM `onethink_config` [ RunTime:0.0090s ]
SQL: SELECT `type`,`name`,`value` FROM `onethink_config` WHERE `status` = 1  [ RunTime:0.0030s ]
SQL: SHOW COLUMNS FROM `onethink_document` [ RunTime:0.0060s ]
SQL: SELECT * FROM `onethink_document` LEFT JOIN onethink_picture on onethink_picture.id=onethink_document.cover_id  WHERE `category_id` = 2  [ RunTime:0.0010s ]
INFO: [ view_parse ] --START--
INFO: [ template_filter ] --START--
INFO: Run Behavior\ContentReplaceBehavior [ RunTime:0.000000s ]
INFO: [ template_filter ] --END-- [ RunTime:0.000000s ]
INFO: Run Behavior\ParseTemplateBehavior [ RunTime:0.009000s ]
INFO: [ view_parse ] --END-- [ RunTime:0.009000s ]
INFO: [ view_filter ] --START--
INFO: Run Behavior\WriteHtmlCacheBehavior [ RunTime:0.000000s ]
INFO: [ view_filter ] --END-- [ RunTime:0.000000s ]
INFO: [ app_end ] --START--
INFO: Run Behavior\ShowPageTraceBehavior [ RunTime:0.001001s ]
INFO: [ app_end ] --END-- [ RunTime:0.001001s ]
NOTIC: [8] Constant HTML_PATH already defined D:\WWW\OneThink\wwwroot\wechat.php 第 41 行.

[ 2017-07-08T17:13:34+08:00 ] 127.0.0.1 /wechat.php/Wechat/Index/notice.html
INFO: [ app_init ] --START--
INFO: Run Behavior\BuildLiteBehavior [ RunTime:0.000000s ]
INFO: Run Common\Behavior\InitHookBehavior [ RunTime:0.003000s ]
INFO: [ app_init ] --END-- [ RunTime:0.004000s ]
INFO: [ app_begin ] --START--
INFO: Run Behavior\ReadHtmlCacheBehavior [ RunTime:0.000000s ]
INFO: [ app_begin ] --END-- [ RunTime:0.000000s ]
SQL: SHOW COLUMNS FROM `onethink_config` [ RunTime:0.0080s ]
SQL: SELECT `type`,`name`,`value` FROM `onethink_config` WHERE `status` = 1  [ RunTime:0.0010s ]
SQL: SHOW COLUMNS FROM `onethink_document` [ RunTime:0.0070s ]
SQL: SELECT * FROM `onethink_document` LEFT JOIN onethink_picture on onethink_picture.id=onethink_document.cover_id  WHERE `category_id` = 2  [ RunTime:0.0010s ]
INFO: [ view_parse ] --START--
INFO: [ template_filter ] --START--
INFO: Run Behavior\ContentReplaceBehavior [ RunTime:0.000000s ]
INFO: [ template_filter ] --END-- [ RunTime:0.000000s ]
INFO: Run Behavior\ParseTemplateBehavior [ RunTime:0.009000s ]
INFO: [ view_parse ] --END-- [ RunTime:0.010000s ]
INFO: [ view_filter ] --START--
INFO: Run Behavior\WriteHtmlCacheBehavior [ RunTime:0.000000s ]
INFO: [ view_filter ] --END-- [ RunTime:0.000000s ]
INFO: [ app_end ] --START--
INFO: Run Behavior\ShowPageTraceBehavior [ RunTime:0.000000s ]
INFO: [ app_end ] --END-- [ RunTime:0.000000s ]
NOTIC: [8] Constant HTML_PATH already defined D:\WWW\OneThink\wwwroot\wechat.php 第 41 行.

